Vivado Simulator 2019.1
Time resolution is 1 ps
Block Memory Generator module tb_MVM1_top.uut.svd_kernel_32_instance_1.ram_adder_instance_1.blk_mem.inst.native_mem_module.blk_mem_gen_v8_4_3_inst is using a behavioral model for simulation which will not precisely model memory collision behavior.
Block Memory Generator module tb_MVM1_top.uut.svd_kernel_32_instance_1.ram_adder_instance_2.blk_mem.inst.native_mem_module.blk_mem_gen_v8_4_3_inst is using a behavioral model for simulation which will not precisely model memory collision behavior.
Block Memory Generator module tb_MVM1_top.uut.svd_kernel_32_instance_2.ram_adder_instance_1.blk_mem.inst.native_mem_module.blk_mem_gen_v8_4_3_inst is using a behavioral model for simulation which will not precisely model memory collision behavior.
Block Memory Generator module tb_MVM1_top.uut.svd_kernel_32_instance_2.ram_adder_instance_2.blk_mem.inst.native_mem_module.blk_mem_gen_v8_4_3_inst is using a behavioral model for simulation which will not precisely model memory collision behavior.
Block Memory Generator module tb_MVM1_top.uut.svd_kernel_32_instance_3.ram_adder_instance_1.blk_mem.inst.native_mem_module.blk_mem_gen_v8_4_3_inst is using a behavioral model for simulation which will not precisely model memory collision behavior.
Block Memory Generator module tb_MVM1_top.uut.svd_kernel_32_instance_3.ram_adder_instance_2.blk_mem.inst.native_mem_module.blk_mem_gen_v8_4_3_inst is using a behavioral model for simulation which will not precisely model memory collision behavior.
Block Memory Generator module tb_MVM1_top.uut.svd_kernel_32_instance_4.ram_adder_instance_1.blk_mem.inst.native_mem_module.blk_mem_gen_v8_4_3_inst is using a behavioral model for simulation which will not precisely model memory collision behavior.
Block Memory Generator module tb_MVM1_top.uut.svd_kernel_32_instance_4.ram_adder_instance_2.blk_mem.inst.native_mem_module.blk_mem_gen_v8_4_3_inst is using a behavioral model for simulation which will not precisely model memory collision behavior.
 Block Memory Generator module loading initial data...
 Block Memory Generator data initialization complete.
Block Memory Generator module tb_MVM1_top.uut.ddr_u_tile_instance_1.your_instance_name.inst.native_mem_module.blk_mem_gen_v8_4_3_inst is using a behavioral model for simulation which will not precisely model memory collision behavior.
 Block Memory Generator module loading initial data...
 Block Memory Generator data initialization complete.
Block Memory Generator module tb_MVM1_top.uut.ddr_v_tile_instance_1.your_instance_name.inst.native_mem_module.blk_mem_gen_v8_4_3_inst is using a behavioral model for simulation which will not precisely model memory collision behavior.
 Block Memory Generator module loading initial data...
 Block Memory Generator data initialization complete.
Block Memory Generator module tb_MVM1_top.uut.ddr_s_tile_instance_1.your_instance_name.inst.native_mem_module.blk_mem_gen_v8_4_3_inst is using a behavioral model for simulation which will not precisely model memory collision behavior.
 Block Memory Generator module loading initial data...
 Block Memory Generator data initialization complete.
Block Memory Generator module tb_MVM1_top.uut.ddr_mask_v_instance_1.your_instance_name.inst.native_mem_module.blk_mem_gen_v8_4_3_inst is using a behavioral model for simulation which will not precisely model memory collision behavior.
 Block Memory Generator module loading initial data...
 Block Memory Generator data initialization complete.
Block Memory Generator module tb_MVM1_top.uut.ddr_mask_u_instance_1.your_instance_name.inst.native_mem_module.blk_mem_gen_v8_4_3_inst is using a behavioral model for simulation which will not precisely model memory collision behavior.
 Block Memory Generator module loading initial data...
 Block Memory Generator data initialization complete.
Block Memory Generator module tb_MVM1_top.uut.input_vector_buffer_instance_1.your_instance_name.inst.native_mem_module.blk_mem_gen_v8_4_3_inst is using a behavioral model for simulation which will not precisely model memory collision b