INFO: [VRFC 10-2263] Analyzing Verilog file "D:/project_2/project_2.srcs/sources_1/ip/ram_input_vector/sim/ram_input_vector.v" into library xil_defaultlib
INFO: [VRFC 10-311] analyzing module ram_input_vector
INFO: [VRFC 10-2263] Analyzing Verilog file "D:/project_2/project_2.srcs/sources_1/ip/ram_mask_u/sim/ram_mask_u.v" into library xil_defaultlib
INFO: [VRFC 10-311] analyzing module ram_mask_u
INFO: [VRFC 10-2263] Analyzing Verilog file "D:/project_2/project_2.srcs/sources_1/ip/ram_mask_v/sim/ram_mask_v.v" into library xil_defaultlib
INFO: [VRFC 10-311] analyzing module ram_mask_v
INFO: [VRFC 10-2263] Analyzing Verilog file "D:/project_2/project_2.srcs/sources_1/ip/ram_s_tile/sim/ram_s_tile.v" into library xil_defaultlib
INFO: [VRFC 10-311] analyzing module ram_s_tile
INFO: [VRFC 10-2263] Analyzing Verilog file "D:/project_2/project_2.srcs/sources_1/ip/ram_v_tile/sim/ram_v_tile.v" into library xil_defaultlib
INFO: [VRFC 10-311] analyzing module ram_v_tile
INFO: [VRFC 10-2263] Analyzing Verilog file "D:/project_2/project_2.srcs/sources_1/ip/ram_u_tile/sim/ram_u_tile.v" into library xil_defaultlib
INFO: [VRFC 10-311] analyzing module ram_u_tile
INFO: [VRFC 10-2263] Analyzing Verilog file "D:/project_2/project_2.srcs/sources_1/ip/blk_mem_1/sim/blk_mem_1.v" into library xil_defaultlib
INFO: [VRFC 10-311] analyzing module blk_mem_1
INFO: [VRFC 10-2263] Analyzing Verilog file "D:/project_2/project_2.srcs/sources_1/new/MVM1_top.v" into library xil_defaultlib
INFO: [VRFC 10-311] analyzing module MVM1_top
INFO: [VRFC 10-2263] Analyzing Verilog file "D:/project_2/project_2.srcs/sources_1/new/MVM_ctrl1.v" into library xil_defaultlib
INFO: [VRFC 10-311] analyzing module MVM_ctrl1
INFO: [VRFC 10-2263] Analyzing Verilog file "D:/project_2/project_2.srcs/sources_1/new/ddr_mask_u.v" into library xil_defaultlib
INFO: [VRFC 10-311] analyzing module ddr_mask_u
INFO: [VRFC 10-2263] Analyzing Verilog file "D:/project_2/project_2.srcs/sources_1/new/ddr_mask_v.v" into library xil_defaultlib
INFO: [VRFC 10-311] analyzing module ddr_mask_v
INFO: [VRFC 10-2263] Analyzing Verilog file "D:/project_2/project_2.srcs/sources_1/new/ddr_s_tile.v" into library xil_defaultlib
INFO: [VRFC 10-311] analyzing module ddr_s_tile
INFO: [VRFC 10-2263] Analyzing Verilog file "D:/project_2/project_2.srcs/sources_1/new/ddr_u_tile.v" into library xil_defaultlib
INFO: [VRFC 10-311] analyzing module ddr_u_tile
INFO: [VRFC 10-2263] Analyzing Verilog file "D:/project_2/project_2.srcs/sources_1/new/ddr_v_tile.v" into library xil_defaultlib
INFO: [VRFC 10-311] analyzing module ddr_v_tile
INFO: [VRFC 10-2263] Analyzing Verilog file "D:/project_2/project_2.srcs/sources_1/new/input_vector_buffer.v" into library xil_defaultlib
INFO: [VRFC 10-311] analyzing module input_vector_buffer
INFO: [VRFC 10-2263] Analyzing Verilog file "D:/project_2/project_2.srcs/sources_1/new/mask2addr_v2.v" into library xil_defaultlib
INFO: [VRFC 10-311] analyzing module mask2addr_v2
INFO: [VRFC 10-2263] Analyzing Verilog file "D:/project_2/project_2.srcs/sources_1/new/mask_reverse.v" into library xil_defaultlib
INFO: [VRFC 10-311] analyzing module mask_reverse
INFO: [VRFC 10-2263] Analyzing Verilog file "D:/project_2/project_2.srcs/sources_1/new/ram_adder_32.v" into library xil_defaultlib
INFO: [VRFC 10-311] analyzing module ram_adder_32
INFO: [VRFC 10-2263] Analyzing Verilog file "D:/project_2/project_2.srcs/sources_1/new/s_kernel_32.v" into library xil_defaultlib
INFO: [VRFC 10-311] analyzing module s_kernel_32
INFO: [VRFC 10-2263] Analyzing Verilog file "D:/project_2/project_2.srcs/sources_1/new/svd_kernel_32.v" into library xil_defaultlib
INFO: [VRFC 10-311] analyzing module svd_kernel_32
INFO: [VRFC 10-2458] undeclared symbol s_kernel_en, assumed default net type wire [D:/project_2/project_2.srcs/sources_1/new/svd_kernel_32.v:85]
INFO: [VRFC 10-2458] undeclared symbol u_kernel_en, assumed default net type wire [D:/project_2/project_2.srcs/sources_1/new/svd_kernel_32.v:86]
INFO: [VRFC 10-2263] Analyzing Verilog file "D:/project_2/project_2.srcs/sources_1/new/svd_kernel_fsm.v" into library xil_defaultlib
INFO: [VRFC 10-311] analyzing module svd_kernel_fsm
INFO: [VRFC 10-2263] Analyzing Verilog file "D:/project_2/project_2.srcs/sources_1/new/u_kernel_32.v" into library xil_defaultlib
INFO: [VRFC 10-311] analyzing module u_kernel_32
INFO: [VRFC 10-2263] Analyzing Verilog file "D:/project_2/project_2.srcs/sources_1/new/v_kernel_32.v" into library xil_defaultlib
INFO: [VRFC 10-311] analyzing module v_kernel_32
INFO: [VRFC 10-2263] Analyzing Verilog file "D:/project_2/project_2.srcs/sim_1/new/tb_MVM1_top.v" into library xil_defaultlib
INFO: [VRFC 10-311] analyzing module tb_MVM1_top
